<?xml version="1.0" encoding="UTF-8"?>
<!-- Generated by org.testng.reporters.JUnitXMLReporter -->
<testsuite ignored="27" hostname="DESKTOP-6VTJJ6I" failures="0" tests="1" name="Default test" time="52.905" errors="0" timestamp="2024-02-05T10:10:20 IST">
  <testcase classname="com.ExceptionProject_2.AutomationExercise.AutomationExerciseTestCases" name="viewCategoryProducts" time="29.92"/>
  <testcase classname="com.ExceptionProject_2.AutomationExercise.AutomationExerciseTestCases" name="CartProducts" time="0.0">
    <ignored/>
  </testcase> <!-- CartProducts -->
  <testcase classname="com.ExceptionProject_2.AutomationExercise.AutomationExerciseTestCases" name="verifyScrollUpWithoutArrowButtonAndScrollDownFunctionality" time="0.0">
    <ignored/>
  </testcase> <!-- verifyScrollUpWithoutArrowButtonAndScrollDownFunctionality -->
  <testcase classname="com.ExceptionProject_2.AutomationExercise.AutomationExerciseTestCases" name="downLoadInvoiceAfterPurchaseOrder" time="0.0">
    <ignored/>
  </testcase> <!-- downLoadInvoiceAfterPurchaseOrder -->
  <testcase classname="com.ExceptionProject_2.AutomationExercise.AutomationExerciseTestCases" name="invalidCredentials" time="0.0">
    <ignored/>
  </testcase> <!-- invalidCredentials -->
  <testcase classname="com.ExceptionProject_2.AutomationExercise.AutomationExerciseTestCases" name="verifyAllProductsAndProductDetailsPage" time="0.0">
    <ignored/>
  </testcase> <!-- verifyAllProductsAndProductDetailsPage -->
  <testcase classname="com.ExceptionProject_2.AutomationExercise.AutomationExerciseTestCases" name="RegisterWhileCheckOut" time="0.0">
    <ignored/>
  </testcase> <!-- RegisterWhileCheckOut -->
  <testcase classname="com.ExceptionProject_2.AutomationExercise.AutomationExerciseTestCases" name="addProductsInCart" time="0.0">
    <ignored/>
  </testcase> <!-- addProductsInCart -->
  <testcase classname="com.ExceptionProject_2.AutomationExercise.AutomationExerciseTestCases" name="SuscriptionInHomePage" time="0.0">
    <ignored/>
  </testcase> <!-- SuscriptionInHomePage -->
  <testcase classname="com.ExceptionProject_2.AutomationExercise.AutomationExerciseTestCases" name="addReviewOnProduct" time="0.0">
    <ignored/>
  </testcase> <!-- addReviewOnProduct -->
  <testcase classname="com.ExceptionProject_2.AutomationExercise.AutomationExerciseTestCases" name="VerifySearchedProduct" time="0.0">
    <ignored/>
  </testcase> <!-- VerifySearchedProduct -->
  <testcase classname="com.ExceptionProject_2.AutomationExercise.AutomationExerciseTestCases" name="LougoutUserValidation" time="0.0">
    <ignored/>
  </testcase> <!-- LougoutUserValidation -->
  <testcase classname="com.ExceptionProject_2.AutomationExercise.AutomationExerciseTestCases" name="rigisterBeforeCheckout" time="0.0">
    <ignored/>
  </testcase> <!-- rigisterBeforeCheckout -->
  <testcase classname="com.ExceptionProject_2.AutomationExercise.AutomationExerciseTestCases" name="searchProductsAndVerifyAfterLogin" time="0.0">
    <ignored/>
  </testcase> <!-- searchProductsAndVerifyAfterLogin -->
  <testcase classname="com.ExceptionProject_2.AutomationExercise.AutomationExerciseTestCases" name="removeProductsFromCart" time="0.0">
    <ignored/>
  </testcase> <!-- removeProductsFromCart -->
  <testcase classname="com.ExceptionProject_2.AutomationExercise.AutomationExerciseTestCases" name="addToCartFromRecommendedItems" time="0.0">
    <ignored/>
  </testcase> <!-- addToCartFromRecommendedItems -->
  <testcase classname="com.ExceptionProject_2.AutomationExercise.AutomationExerciseTestCases" name="RegisterUserWithExistingEmail" time="0.0">
    <ignored/>
  </testcase> <!-- RegisterUserWithExistingEmail -->
  <testcase classname="com.ExceptionProject_2.AutomationExercise.AutomationExerciseTestCases" name="Brands" time="0.0">
    <ignored/>
  </testcase> <!-- Brands -->
  <testcase classname="com.ExceptionProject_2.AutomationExercise.AutomationExerciseTestCases" name="LoginBeforeCheckout" time="0.0">
    <ignored/>
  </testcase> <!-- LoginBeforeCheckout -->
  <testcase classname="com.ExceptionProject_2.AutomationExercise.AutomationExerciseTestCases" name="headerElements" time="0.0">
    <ignored/>
  </testcase> <!-- headerElements -->
  <testcase classname="com.ExceptionProject_2.AutomationExercise.AutomationExerciseTestCases" name="verifyAddressDetailsInCheckoutPage" time="0.0">
    <ignored/>
  </testcase> <!-- verifyAddressDetailsInCheckoutPage -->
  <testcase classname="com.ExceptionProject_2.AutomationExercise.AutomationExerciseTestCases" name="registerPageValidation" time="0.0">
    <ignored/>
  </testcase> <!-- registerPageValidation -->
  <testcase classname="com.ExceptionProject_2.AutomationExercise.AutomationExerciseTestCases" name="ContactUsFormValidation" time="0.0">
    <ignored/>
  </testcase> <!-- ContactUsFormValidation -->
  <testcase classname="com.ExceptionProject_2.AutomationExercise.AutomationExerciseTestCases" name="validCredentials" time="0.0">
    <ignored/>
  </testcase> <!-- validCredentials -->
  <testcase classname="com.ExceptionProject_2.AutomationExercise.AutomationExerciseTestCases" name="verifyTestCasePage" time="0.0">
    <ignored/>
  </testcase> <!-- verifyTestCasePage -->
  <testcase classname="com.ExceptionProject_2.AutomationExercise.AutomationExerciseTestCases" name="verifyScrollUpUsingArrowAndVerifyScrollDownFunctionality" time="0.0">
    <ignored/>
  </testcase> <!-- verifyScrollUpUsingArrowAndVerifyScrollDownFunctionality -->
  <testcase classname="com.ExceptionProject_2.AutomationExercise.AutomationExerciseTestCases" name="verifySubscriptionInCartPage" time="0.0">
    <ignored/>
  </testcase> <!-- verifySubscriptionInCartPage -->
  <testcase classname="com.ExceptionProject_2.AutomationExercise.AutomationExerciseTestCases" name="information" time="0.0">
    <ignored/>
  </testcase> <!-- information -->
</testsuite> <!-- Default test -->
