<?xml version="1.0" encoding="UTF-8"?>
<testng-results ignored="0" total="1" passed="1" failed="0" skipped="0">
  <reporter-output>
  </reporter-output>
  <suite started-at="2024-02-05T10:09:26 IST" name="Default suite" finished-at="2024-02-05T10:10:19 IST" duration-ms="52905">
    <groups>
    </groups>
    <test started-at="2024-02-05T10:09:26 IST" name="Default test" finished-at="2024-02-05T10:10:19 IST" duration-ms="52905">
      <class name="com.ExceptionProject_2.AutomationExercise.AutomationExerciseTestCases">
        <test-method is-config="true" signature="initialisation()[pri:0, instance:com.ExceptionProject_2.AutomationExercise.AutomationExerciseTestCases@4145bad8]" started-at="2024-02-05T10:09:27 IST" name="initialisation" finished-at="2024-02-05T10:09:49 IST" duration-ms="22546" status="PASS">
          <reporter-output>
          </reporter-output>
        </test-method> <!-- initialisation -->
        <test-method signature="viewCategoryProducts()[pri:18, instance:com.ExceptionProject_2.AutomationExercise.AutomationExerciseTestCases@4145bad8]" started-at="2024-02-05T10:09:49 IST" name="viewCategoryProducts" finished-at="2024-02-05T10:10:19 IST" duration-ms="29920" status="PASS">
          <reporter-output>
          </reporter-output>
        </test-method> <!-- viewCategoryProducts -->
      </class> <!-- com.ExceptionProject_2.AutomationExercise.AutomationExerciseTestCases -->
    </test> <!-- Default test -->
  </suite> <!-- Default suite -->
</testng-results>
